đau bụng: 0.0496055502537901
nôn: 0.02930497081815031
chán ăn: 0.046795785288035976
táo bón: 0.02279977441306114
sút cân: 0.018454300575410018
tiêu chảy: 0.0
phân có máu: 0.038064956301079984
da niêm mạc vàng: 2.0777696241142054e-07
da sạm: 0.0001481369828167037
hoạch ngoại biên: 0.025358939802537533
hạch thượng đòn: 0.008330811166902097
bụng chướng: 0.053235209822035175
phản ứng thành bụng: 0.08121859403989265
cảm ứng phúc mạc: 0.29736960133331364
dấu hiệu rắn bò: 0.04619968836852192
quai ruột nổi: 0.06215423995318012
sờ thấy khối u: 0.018627569126666618
thăm trực tràng có khối u: 0.0
tiền sử ung thư: 0.20233166397764366
chụp CT ổ bụng có khối u: 0.0
nội soi đại tràng có khối u: 0.0
